<?xml version="1.0" encoding="UTF-8"?>
<!-- Generated by org.testng.reporters.JUnitReportReporter -->
<testsuite hostname="LAPTOP-RR8B7H26" failures="0" tests="4" name="com.co.testlayer.RunProductGroupPage" time="64.460" errors="0" timestamp="2024-11-26T23:13:58 IST" skipped="0">
  <testcase classname="com.co.testlayer.RunProductGroupPage" name="testverifyAddFunctionalityOfProductGroupMaster" time="14.901"/>
  <system-out/>
  <testcase classname="com.co.testlayer.RunProductGroupPage" name="testverifyProductGroupMasterGridViewList" time="11.355"/>
  <system-out/>
  <testcase classname="com.co.testlayer.RunProductGroupPage" name="testEditProductGroupMaster" time="25.477"/>
  <system-out/>
  <testcase classname="com.co.testlayer.RunProductGroupPage" name="testsearchProductGroupMaster" time="12.727"/>
  <system-out/>
</testsuite> <!-- com.co.testlayer.RunProductGroupPage -->
