<?xml version="1.0" encoding="UTF-8"?>
<!-- Generated by org.testng.reporters.JUnitReportReporter -->
<testsuite hostname="LAPTOP-RR8B7H26" failures="0" tests="5" name="com.co.testlayer.RunCategoryMaster" time="77.949" errors="0" timestamp="2024-11-26T17:20:19 IST" skipped="0">
  <testcase classname="com.co.testlayer.RunCategoryMaster" name="testAddCategoryMasterFunctionality" time="20.006"/>
  <system-out/>
  <testcase classname="com.co.testlayer.RunCategoryMaster" name="testCategoryMasterGridViewList" time="11.699"/>
  <system-out/>
  <testcase classname="com.co.testlayer.RunCategoryMaster" name="testEditCategoryMaster" time="21.686"/>
  <system-out/>
  <testcase classname="com.co.testlayer.RunCategoryMaster" name="testSearchCategoryMaster" time="11.899"/>
  <system-out/>
  <testcase classname="com.co.testlayer.RunCategoryMaster" name="testexportCategoryMaster" time="12.659"/>
  <system-out/>
</testsuite> <!-- com.co.testlayer.RunCategoryMaster -->
