<?xml version="1.0" encoding="UTF-8"?>
<!-- Generated by org.testng.reporters.JUnitReportReporter -->
<testsuite hostname="Sayali" failures="0" tests="1" name="com.pos.testlayer.RunCancelEstimate" time="49.370" errors="0" timestamp="2024-09-06T15:29:02 IST" skipped="0">
  <testcase classname="com.pos.testlayer.RunCancelEstimate" name="estimationCancel" time="49.370"/>
</testsuite> <!-- com.pos.testlayer.RunCancelEstimate -->
