<?xml version="1.0" encoding="UTF-8"?>
<!-- Generated by org.testng.reporters.JUnitReportReporter -->
<testsuite hostname="LAPTOP-RR8B7H26" failures="0" tests="6" name="com.co.testlayer.RunItemMaster" time="61.228" errors="0" timestamp="2024-11-26T16:30:21 IST" skipped="2">
  <testcase classname="com.co.testlayer.RunItemMaster" name="testVerifyAddItemMasterFunctionality" time="15.123"/>
  <system-out/>
  <testcase classname="com.co.testlayer.RunItemMaster" name="testverifyItemMasterGridViewList" time="10.613"/>
  <system-out/>
  <testcase classname="com.co.testlayer.RunItemMaster" name="testEditItemMaster" time="22.985"/>
  <system-out/>
  <testcase classname="com.co.testlayer.RunItemMaster" name="testSearchItemMaster" time="12.507"/>
  <system-out/>
  <testcase classname="com.co.testlayer.RunItemMaster" name="testImportItemMaster">
    <skipped/>
  </testcase> <!-- testImportItemMaster -->
  <system-out/>
  <testcase classname="com.co.testlayer.RunItemMaster" name="testexportItemMaster">
    <skipped/>
  </testcase> <!-- testexportItemMaster -->
  <system-out/>
</testsuite> <!-- com.co.testlayer.RunItemMaster -->
