<?xml version="1.0" encoding="UTF-8"?>
<!-- Generated by org.testng.reporters.JUnitReportReporter -->
<testsuite hostname="LAPTOP-RR8B7H26" failures="0" tests="6" name="com.co.testlayer.RunStoneColor" time="51.963" errors="0" timestamp="2024-11-26T19:42:59 IST" skipped="2">
  <testcase classname="com.co.testlayer.RunStoneColor" name="testVerifyAddStoneColorMasterFunctionality" time="13.580"/>
  <system-out/>
  <testcase classname="com.co.testlayer.RunStoneColor" name="testverifyStoneColorMasterGridViewList" time="9.877"/>
  <system-out/>
  <testcase classname="com.co.testlayer.RunStoneColor" name="testEditStoneColorMaster" time="17.957"/>
  <system-out/>
  <testcase classname="com.co.testlayer.RunStoneColor" name="testSearchStoneColorMaster" time="10.549"/>
  <system-out/>
  <testcase classname="com.co.testlayer.RunStoneColor" name="testExportStoneColorMaster">
    <skipped/>
  </testcase> <!-- testExportStoneColorMaster -->
  <system-out/>
  <testcase classname="com.co.testlayer.RunStoneColor" name="testImportStoneColorMaster">
    <skipped/>
  </testcase> <!-- testImportStoneColorMaster -->
  <system-out/>
</testsuite> <!-- com.co.testlayer.RunStoneColor -->
