<?xml version="1.0" encoding="UTF-8"?>
<!-- Generated by org.testng.reporters.JUnitReportReporter -->
<testsuite hostname="LAPTOP-RR8B7H26" failures="0" tests="1" name="com.co.testlayer.RunLogin" time="12.705" errors="0" timestamp="2024-12-02T13:47:53 IST" skipped="0">
  <testcase classname="com.co.testlayer.RunLogin" name="testLoginFunctionality" time="12.705"/>
  <system-out/>
</testsuite> <!-- com.co.testlayer.RunLogin -->
