<?xml version="1.0" encoding="UTF-8"?>
<!-- Generated by org.testng.reporters.JUnitReportReporter -->
<testsuite hostname="LAPTOP-RR8B7H26" failures="0" tests="2" name="com.co.testlayer.RunCreateOrderForSP" time="835.310" errors="0" timestamp="2024-12-30T15:58:00 IST" skipped="0">
  <testcase classname="com.co.testlayer.RunCreateOrderForSP" name="testCreateOrderFunctionality" time="455.165"/>
  <system-out/>
  <testcase classname="com.co.testlayer.RunCreateOrderForSP" name="testVerifyCreateOrderFunctionalityWithAddingStoneDetails" time="380.145"/>
  <system-out/>
</testsuite> <!-- com.co.testlayer.RunCreateOrderForSP -->
