<?xml version="1.0" encoding="UTF-8"?>
<!-- Generated by org.testng.reporters.JUnitReportReporter -->
<testsuite hostname="Sayali" failures="0" tests="1" name="com.pos.testlayer.RunSchemeEstimation" time="11.869" errors="0" timestamp="2024-09-19T19:43:37 IST" skipped="0">
  <testcase classname="com.pos.testlayer.RunSchemeEstimation" name="createSchemeEstimate" time="11.869"/>
</testsuite> <!-- com.pos.testlayer.RunSchemeEstimation -->
