<?xml version="1.0" encoding="UTF-8"?>
<!-- Generated by org.testng.reporters.JUnitReportReporter -->
<testsuite hostname="LAPTOP-RR8B7H26" failures="0" tests="1" name="com.co.testlayer.RunTest1" time="27.180" errors="0" timestamp="2025-01-04T19:18:59 IST" skipped="0">
  <testcase classname="com.co.testlayer.RunTest1" name="add" time="27.180"/>
  <system-out/>
</testsuite> <!-- com.co.testlayer.RunTest1 -->
