<?xml version="1.0" encoding="UTF-8"?>
<!-- Generated by org.testng.reporters.JUnitReportReporter -->
<testsuite hostname="LAPTOP-RR8B7H26" failures="0" tests="4" name="com.co.testlayer.RunCityMaster" time="64.809" errors="0" timestamp="2024-11-26T22:35:27 IST" skipped="0">
  <testcase classname="com.co.testlayer.RunCityMaster" name="testVerifyAddCityMasterFunctionality" time="18.719"/>
  <system-out/>
  <testcase classname="com.co.testlayer.RunCityMaster" name="testverifyCityMasterGridViewList" time="12.463"/>
  <system-out/>
  <testcase classname="com.co.testlayer.RunCityMaster" name="testEditCityMaster" time="20.454"/>
  <system-out/>
  <testcase classname="com.co.testlayer.RunCityMaster" name="testSearchCityMaster" time="13.173"/>
  <system-out/>
</testsuite> <!-- com.co.testlayer.RunCityMaster -->
