<?xml version="1.0" encoding="UTF-8"?>
<!-- Generated by org.testng.reporters.JUnitReportReporter -->
<testsuite hostname="LAPTOP-RR8B7H26" failures="0" tests="7" name="com.co.testlayer.RunCreateOrderE2E" time="80.352" errors="0" timestamp="2024-12-16T17:11:40 IST" skipped="6">
  <testcase classname="com.co.testlayer.RunCreateOrderE2E" name="testCreateOrderFunctionality" time="80.352"/>
  <system-out/>
  <testcase classname="com.co.testlayer.RunCreateOrderE2E" name="testVerifyHOLogin2Functionality">
    <skipped/>
  </testcase> <!-- testVerifyHOLogin2Functionality -->
  <system-out/>
  <testcase classname="com.co.testlayer.RunCreateOrderE2E" name="testVerifyVendorLogin2Functionality">
    <skipped/>
  </testcase> <!-- testVerifyVendorLogin2Functionality -->
  <system-out/>
  <testcase classname="com.co.testlayer.RunCreateOrderE2E" name="testVerifyHoLogin3Functionality">
    <skipped/>
  </testcase> <!-- testVerifyHoLogin3Functionality -->
  <system-out/>
  <testcase classname="com.co.testlayer.RunCreateOrderE2E" name="testVerifyHOLoginFunctionality">
    <skipped/>
  </testcase> <!-- testVerifyHOLoginFunctionality -->
  <system-out/>
  <testcase classname="com.co.testlayer.RunCreateOrderE2E" name="testVerifySP2Functionality">
    <skipped/>
  </testcase> <!-- testVerifySP2Functionality -->
  <system-out/>
  <testcase classname="com.co.testlayer.RunCreateOrderE2E" name="testVerifyVendorLoginFunctionality">
    <skipped/>
  </testcase> <!-- testVerifyVendorLoginFunctionality -->
  <system-out/>
</testsuite> <!-- com.co.testlayer.RunCreateOrderE2E -->
