<?xml version="1.0" encoding="UTF-8"?>
<!-- Generated by org.testng.reporters.JUnitReportReporter -->
<testsuite hostname="Sayali" failures="0" tests="1" name="com.pos.testlayer.RunFreshSaleBill" time="56.413" errors="0" timestamp="2024-10-07T13:37:07 IST" skipped="0">
  <testcase classname="com.pos.testlayer.RunFreshSaleBill" name="createFreshSaleBill" time="56.413"/>
</testsuite> <!-- com.pos.testlayer.RunFreshSaleBill -->
