<?xml version="1.0" encoding="UTF-8"?>
<!-- Generated by org.testng.reporters.JUnitReportReporter -->
<testsuite hostname="Sayali" failures="0" tests="1" name="com.pos.testlayer.RunEstimate" time="53.359" errors="0" timestamp="2024-10-13T11:43:26 IST" skipped="0">
  <testcase classname="com.pos.testlayer.RunEstimate" name="createEstimate" time="53.359"/>
</testsuite> <!-- com.pos.testlayer.RunEstimate -->
