<?xml version="1.0" encoding="UTF-8"?>
<!-- Generated by org.testng.reporters.JUnitReportReporter -->
<testsuite hostname="LAPTOP-RR8B7H26" failures="0" tests="1" name="com.co.testlayer.RunCreateOrder" time="549.783" errors="0" timestamp="2024-12-20T16:09:56 IST" skipped="0">
  <testcase classname="com.co.testlayer.RunCreateOrder" name="testCreateOrderFunctionality" time="549.783"/>
  <system-out/>
</testsuite> <!-- com.co.testlayer.RunCreateOrder -->
