<?xml version="1.0" encoding="UTF-8"?>
<!-- Generated by org.testng.reporters.JUnitReportReporter -->
<testsuite hostname="Sayali" failures="0" tests="1" name="com.pos.testlayer.RunGiftCardDetails" time="149.912" errors="0" timestamp="2024-09-10T15:39:30 IST" skipped="0">
  <testcase classname="com.pos.testlayer.RunGiftCardDetails" name="gcCreation" time="149.912"/>
</testsuite> <!-- com.pos.testlayer.RunGiftCardDetails -->
