<?xml version="1.0" encoding="UTF-8"?>
<!-- Generated by org.testng.reporters.JUnitReportReporter -->
<testsuite hostname="LAPTOP-RR8B7H26" failures="0" tests="4" name="com.co.testlayer.RunCountryMaster" time="61.375" errors="0" timestamp="2024-11-26T21:10:20 IST" skipped="0">
  <testcase classname="com.co.testlayer.RunCountryMaster" name="testVerifyAddCountryMasterFunctionality" time="20.677"/>
  <system-out/>
  <testcase classname="com.co.testlayer.RunCountryMaster" name="testverifyCountryMasterGridViewList" time="10.935"/>
  <system-out/>
  <testcase classname="com.co.testlayer.RunCountryMaster" name="testEditCountryMaster" time="18.229"/>
  <system-out/>
  <testcase classname="com.co.testlayer.RunCountryMaster" name="testexportCountryMaster" time="11.534"/>
  <system-out/>
</testsuite> <!-- com.co.testlayer.RunCountryMaster -->
